PowerPlay Power Analyzer report for pipemult2
Wed Jul 21 05:01:45 2021
Quartus Prime Version 16.1.0 Build 196 10/24/2016 SJ Lite Edition


---------------------
; Table of Contents ;
---------------------
  1. Legal Notice
  2. Parallel Compilation
  3. PowerPlay Power Analyzer Summary
  4. PowerPlay Power Analyzer Settings
  5. Indeterminate Toggle Rates
  6. Operating Conditions Used
  7. Thermal Power Dissipation by Block
  8. Thermal Power Dissipation by Block Type
  9. Thermal Power Dissipation by Hierarchy
 10. Core Dynamic Thermal Power Dissipation by Clock Domain
 11. Current Drawn from Voltage Supplies Summary
 12. VCCIO Supply Current Drawn by I/O Bank
 13. VCCIO Supply Current Drawn by Voltage
 14. Confidence Metric Details
 15. Signal Activities
 16. PowerPlay Power Analyzer Messages



----------------
; Legal Notice ;
----------------
Copyright (C) 2016  Intel Corporation. All rights reserved.
Your use of Intel Corporation's design tools, logic functions 
and other software and tools, and its AMPP partner logic 
functions, and any output files from any of the foregoing 
(including device programming or simulation files), and any 
associated documentation or information are expressly subject 
to the terms and conditions of the Intel Program License 
Subscription Agreement, the Intel Quartus Prime License Agreement,
the Intel MegaCore Function License Agreement, or other 
applicable license agreement, including, without limitation, 
that your use is for the sole purpose of programming logic 
devices manufactured by Intel and sold by Intel or its 
authorized distributors.  Please refer to the applicable 
agreement for further details.



+------------------------------------------+
; Parallel Compilation                     ;
+----------------------------+-------------+
; Processors                 ; Number      ;
+----------------------------+-------------+
; Number detected on machine ; 12          ;
; Maximum allowed            ; 6           ;
;                            ;             ;
; Average used               ; 1.27        ;
; Maximum used               ; 6           ;
;                            ;             ;
; Usage by Processor         ; % Time Used ;
;     Processor 1            ; 100.0%      ;
;     Processors 2-6         ;   5.4%      ;
+----------------------------+-------------+


+-------------------------------------------------------------------------------------------+
; PowerPlay Power Analyzer Summary                                                          ;
+----------------------------------------+--------------------------------------------------+
; PowerPlay Power Analyzer Status        ; Successful - Wed Jul 21 05:01:45 2021            ;
; Quartus Prime Version                  ; 16.1.0 Build 196 10/24/2016 SJ Lite Edition      ;
; Revision Name                          ; pipemult2                                        ;
; Top-level Entity Name                  ; pipemult                                         ;
; Family                                 ; MAX 10                                           ;
; Device                                 ; 10M08DAF484C8GES                                 ;
; Power Models                           ; Final                                            ;
; Total Thermal Power Dissipation        ; 143.21 mW                                        ;
; Core Dynamic Thermal Power Dissipation ; 17.65 mW                                         ;
; Core Static Thermal Power Dissipation  ; 63.54 mW                                         ;
; I/O Thermal Power Dissipation          ; 62.03 mW                                         ;
; Power Estimation Confidence            ; Low: user provided insufficient toggle rate data ;
+----------------------------------------+--------------------------------------------------+


+------------------------------------------------------------------------------------------------------------------------------------+
; PowerPlay Power Analyzer Settings                                                                                                  ;
+----------------------------------------------------------------------------+---------------------------------------+---------------+
; Option                                                                     ; Setting                               ; Default Value ;
+----------------------------------------------------------------------------+---------------------------------------+---------------+
; Use smart compilation                                                      ; Off                                   ; Off           ;
; Enable parallel Assembler and TimeQuest Timing Analyzer during compilation ; On                                    ; On            ;
; Enable compact report table                                                ; Off                                   ; Off           ;
; Device Power Characteristics                                               ; MAXIMUM                               ; TYPICAL       ;
; Preset Cooling Solution                                                    ; 23 MM HEAT SINK WITH 200 LFPM AIRFLOW ;               ;
; Board thermal model                                                        ; None (CONSERVATIVE)                   ;               ;
; Default Power Toggle Rate                                                  ; 12.5%                                 ; 12.5%         ;
; Default Power Input I/O Toggle Rate                                        ; 12.5%                                 ; 12.5%         ;
; Use vectorless estimation                                                  ; On                                    ; On            ;
; Use Input Files                                                            ; Off                                   ; Off           ;
; Filter Glitches in VCD File Reader                                         ; On                                    ; On            ;
; Power Analyzer Report Signal Activity                                      ; Off                                   ; Off           ;
; Power Analyzer Report Power Dissipation                                    ; Off                                   ; Off           ;
; Automatically Compute Junction Temperature                                 ; On                                    ; On            ;
; Specified Junction Temperature                                             ; 25                                    ; 25            ;
; Ambient Temperature                                                        ; 25                                    ; 25            ;
; Use Custom Cooling Solution                                                ; Off                                   ; Off           ;
; Board Temperature                                                          ; 25                                    ; 25            ;
+----------------------------------------------------------------------------+---------------------------------------+---------------+


+---------------------------------------+
; Indeterminate Toggle Rates            ;
+---------+-----------------------------+
; Node    ; Reason                      ;
+---------+-----------------------------+
; reset_n ; No valid clock domain found ;
+---------+-----------------------------+


+--------------------------------------------------------------------------+
; Operating Conditions Used                                                ;
+---------------------------------------------+----------------------------+
; Setting                                     ; Value                      ;
+---------------------------------------------+----------------------------+
; Device power characteristics                ; Maximum                    ;
;                                             ;                            ;
; Voltages                                    ;                            ;
;     VCC                                     ; 1.20 V                     ;
;     VCCA                                    ; 2.50 V                     ;
;     VCCD_PLL                                ; 1.20 V                     ;
;     VCCINT                                  ; 1.20 V                     ;
;     VCCA_ADC                                ; 2.50 V                     ;
;     2.5 V I/O Standard                      ; 2.5 V                      ;
;     2.5 V Schmitt Trigger I/O Standard      ; 2.5 V                      ;
;                                             ;                            ;
; Auto computed junction temperature          ; 27.1 degrees Celsius       ;
;     Ambient temperature                     ; 25.0 degrees Celsius       ;
;     Junction-to-Case thermal resistance     ; 11.20 degrees Celsius/Watt ;
;     Case-to-Heat Sink thermal resistance    ; 0.10 degrees Celsius/Watt  ;
;     Heat Sink-to-Ambient thermal resistance ; 3.50 degrees Celsius/Watt  ;
;                                             ;                            ;
; Board model used                            ; None                       ;
+---------------------------------------------+----------------------------+


+----------------------------------------------------------------------------------------------------------------------------------------------+
; Thermal Power Dissipation by Block                                                                                                           ;
+------------+------------+---------------------+-----------------------------+--------------------------------+-------------------------------+
; Block Name ; Block Type ; Total Thermal Power ; Block Thermal Dynamic Power ; Block Thermal Static Power (1) ; Routing Thermal Dynamic Power ;
+------------+------------+---------------------+-----------------------------+--------------------------------+-------------------------------+
(1) The "Thermal Power Dissipation by Block" Table has been hidden. To show this table, please select the "Write power dissipation by block to report file" option under "PowerPlay Power Analyzer Settings".


+---------------------------------------------------------------------------------------------------------------------------------------------------------------------------------------------------------------------------+
; Thermal Power Dissipation by Block Type                                                                                                                                                                                   ;
+----------------------------+-----------------------------------+-----------------------------+--------------------------------+-------------------------------+-----------------------------------------------------------+
; Block Type                 ; Total Thermal Power by Block Type ; Block Thermal Dynamic Power ; Block Thermal Static Power (1) ; Routing Thermal Dynamic Power ; Block Average Toggle Rate (millions of transitions / sec) ;
+----------------------------+-----------------------------------+-----------------------------+--------------------------------+-------------------------------+-----------------------------------------------------------+
; M9K                        ; 2.81 mW                           ; 2.35 mW                     ; --                             ; 0.46 mW                       ;   46.875                                                  ;
; Embedded multiplier block  ; 0.21 mW                           ; 0.21 mW                     ; --                             ; 0.00 mW                       ;   55.556                                                  ;
; Embedded multiplier output ; 0.44 mW                           ; 0.00 mW                     ; --                             ; 0.44 mW                       ;   62.500                                                  ;
; Combinational cell         ; 2.84 mW                           ; 1.55 mW                     ; --                             ; 1.29 mW                       ;   19.505                                                  ;
; Clock control block        ; 3.82 mW                           ; 0.00 mW                     ; --                             ; 3.82 mW                       ;  250.000                                                  ;
; Register cell              ; 6.39 mW                           ; 3.84 mW                     ; --                             ; 2.55 mW                       ;   17.983                                                  ;
; I/O register               ; 2.16 mW                           ; 2.16 mW                     ; --                             ; 0.00 mW                       ;   25.057                                                  ;
; I/O                        ; 49.75 mW                          ; 47.90 mW                    ; 0.72 mW                        ; 1.13 mW                       ;   22.749                                                  ;
+----------------------------+-----------------------------------+-----------------------------+--------------------------------+-------------------------------+-----------------------------------------------------------+
(1) The "Block Thermal Static Power" for all block types except Pins and the Voltage Regulator, if one exists, is part of the "Core Static Thermal Power Dissipation" value found on the PowerPlay Power Analyzer-->Summary report panel. The "Core Static Thermal Power Dissipation" also contains the thermal static power dissipated by the routing.


+------------------------------------------------------------------------------------------------------------------------------------------------------------------------------------------------------------------------------------------------------------------------------------------------------+
; Thermal Power Dissipation by Hierarchy                                                                                                                                                                                                                                                               ;
+---------------------------------------------+--------------------------------------+---------------------------------+-----------------------------------+-----------------------------------+-------------------------------------------------------------------------------------------------------+
; Compilation Hierarchy Node                  ; Total Thermal Power by Hierarchy (1) ; Block Thermal Dynamic Power (1) ; Block Thermal Static Power (1)(2) ; Routing Thermal Dynamic Power (1) ; Full Hierarchy Name                                                                                   ;
+---------------------------------------------+--------------------------------------+---------------------------------+-----------------------------------+-----------------------------------+-------------------------------------------------------------------------------------------------------+
; |pipemult                                   ; 68.42 mW (61.07 mW)                  ; 58.01 mW (53.56 mW)             ; 0.72 mW (0.72 mW)                 ; 9.69 mW (6.79 mW)                 ; |pipemult                                                                                             ;
;     |hard_block:auto_generated_inst         ; 0.00 mW (0.00 mW)                    ; 0.00 mW (0.00 mW)               ; --                                ; 0.00 mW (0.00 mW)                 ; |pipemult|hard_block:auto_generated_inst                                                              ;
;     |mult:inst                              ; 0.65 mW (0.00 mW)                    ; 0.21 mW (0.00 mW)               ; --                                ; 0.44 mW (0.00 mW)                 ; |pipemult|mult:inst                                                                                   ;
;         |lpm_mult:lpm_mult_component        ; 0.65 mW (0.00 mW)                    ; 0.21 mW (0.00 mW)               ; --                                ; 0.44 mW (0.00 mW)                 ; |pipemult|mult:inst|lpm_mult:lpm_mult_component                                                       ;
;             |mult_blo:auto_generated        ; 0.65 mW (0.65 mW)                    ; 0.21 mW (0.21 mW)               ; --                                ; 0.44 mW (0.44 mW)                 ; |pipemult|mult:inst|lpm_mult:lpm_mult_component|mult_blo:auto_generated                               ;
;     |ram:inst1                              ; 0.11 mW (0.11 mW)                    ; 0.09 mW (0.09 mW)               ; --                                ; 0.03 mW (0.03 mW)                 ; |pipemult|ram:inst1                                                                                   ;
;         |altsyncram:ram_block_rtl_0         ; 0.00 mW (0.00 mW)                    ; 0.00 mW (0.00 mW)               ; --                                ; 0.00 mW (0.00 mW)                 ; |pipemult|ram:inst1|altsyncram:ram_block_rtl_0                                                        ;
;             |altsyncram_87g1:auto_generated ; 0.00 mW (0.00 mW)                    ; 0.00 mW (0.00 mW)               ; --                                ; 0.00 mW (0.00 mW)                 ; |pipemult|ram:inst1|altsyncram:ram_block_rtl_0|altsyncram_87g1:auto_generated                         ;
;     |SQRT:inst3                             ; 5.41 mW (0.00 mW)                    ; 3.58 mW (0.00 mW)               ; --                                ; 1.82 mW (0.00 mW)                 ; |pipemult|SQRT:inst3                                                                                  ;
;         |altsqrt:ALTSQRT_component          ; 5.41 mW (0.18 mW)                    ; 3.58 mW (0.10 mW)               ; --                                ; 1.82 mW (0.08 mW)                 ; |pipemult|SQRT:inst3|altsqrt:ALTSQRT_component                                                        ;
;             |dffpipe:a_delay                ; 1.56 mW (1.56 mW)                    ; 1.29 mW (1.29 mW)               ; --                                ; 0.27 mW (0.27 mW)                 ; |pipemult|SQRT:inst3|altsqrt:ALTSQRT_component|dffpipe:a_delay                                        ;
;             |dffpipe:b_dffe[0]              ; 0.01 mW (0.01 mW)                    ; 0.01 mW (0.01 mW)               ; --                                ; 0.00 mW (0.00 mW)                 ; |pipemult|SQRT:inst3|altsqrt:ALTSQRT_component|dffpipe:b_dffe[0]                                      ;
;             |dffpipe:b_dffe[2]              ; 0.05 mW (0.05 mW)                    ; 0.03 mW (0.03 mW)               ; --                                ; 0.02 mW (0.02 mW)                 ; |pipemult|SQRT:inst3|altsqrt:ALTSQRT_component|dffpipe:b_dffe[2]                                      ;
;             |dffpipe:b_dffe[4]              ; 0.09 mW (0.09 mW)                    ; 0.05 mW (0.05 mW)               ; --                                ; 0.03 mW (0.03 mW)                 ; |pipemult|SQRT:inst3|altsqrt:ALTSQRT_component|dffpipe:b_dffe[4]                                      ;
;             |dffpipe:b_dffe[6]              ; 0.10 mW (0.10 mW)                    ; 0.06 mW (0.06 mW)               ; --                                ; 0.04 mW (0.04 mW)                 ; |pipemult|SQRT:inst3|altsqrt:ALTSQRT_component|dffpipe:b_dffe[6]                                      ;
;             |dffpipe:b_dffe[8]              ; 0.13 mW (0.13 mW)                    ; 0.06 mW (0.06 mW)               ; --                                ; 0.07 mW (0.07 mW)                 ; |pipemult|SQRT:inst3|altsqrt:ALTSQRT_component|dffpipe:b_dffe[8]                                      ;
;             |dffpipe:b_dffe[10]             ; 0.19 mW (0.19 mW)                    ; 0.11 mW (0.11 mW)               ; --                                ; 0.08 mW (0.08 mW)                 ; |pipemult|SQRT:inst3|altsqrt:ALTSQRT_component|dffpipe:b_dffe[10]                                     ;
;             |dffpipe:b_dffe[12]             ; 0.21 mW (0.21 mW)                    ; 0.10 mW (0.10 mW)               ; --                                ; 0.11 mW (0.11 mW)                 ; |pipemult|SQRT:inst3|altsqrt:ALTSQRT_component|dffpipe:b_dffe[12]                                     ;
;             |dffpipe:b_dffe[14]             ; 0.19 mW (0.19 mW)                    ; 0.13 mW (0.13 mW)               ; --                                ; 0.05 mW (0.05 mW)                 ; |pipemult|SQRT:inst3|altsqrt:ALTSQRT_component|dffpipe:b_dffe[14]                                     ;
;             |dffpipe:r_dffe[0]              ; 0.05 mW (0.05 mW)                    ; 0.05 mW (0.05 mW)               ; --                                ; 0.00 mW (0.00 mW)                 ; |pipemult|SQRT:inst3|altsqrt:ALTSQRT_component|dffpipe:r_dffe[0]                                      ;
;             |dffpipe:r_dffe[2]              ; 0.06 mW (0.06 mW)                    ; 0.04 mW (0.04 mW)               ; --                                ; 0.02 mW (0.02 mW)                 ; |pipemult|SQRT:inst3|altsqrt:ALTSQRT_component|dffpipe:r_dffe[2]                                      ;
;             |dffpipe:r_dffe[4]              ; 0.10 mW (0.10 mW)                    ; 0.07 mW (0.07 mW)               ; --                                ; 0.03 mW (0.03 mW)                 ; |pipemult|SQRT:inst3|altsqrt:ALTSQRT_component|dffpipe:r_dffe[4]                                      ;
;             |dffpipe:r_dffe[6]              ; 0.18 mW (0.18 mW)                    ; 0.11 mW (0.11 mW)               ; --                                ; 0.08 mW (0.08 mW)                 ; |pipemult|SQRT:inst3|altsqrt:ALTSQRT_component|dffpipe:r_dffe[6]                                      ;
;             |dffpipe:r_dffe[8]              ; 0.20 mW (0.20 mW)                    ; 0.12 mW (0.12 mW)               ; --                                ; 0.08 mW (0.08 mW)                 ; |pipemult|SQRT:inst3|altsqrt:ALTSQRT_component|dffpipe:r_dffe[8]                                      ;
;             |dffpipe:r_dffe[10]             ; 0.26 mW (0.26 mW)                    ; 0.14 mW (0.14 mW)               ; --                                ; 0.13 mW (0.13 mW)                 ; |pipemult|SQRT:inst3|altsqrt:ALTSQRT_component|dffpipe:r_dffe[10]                                     ;
;             |dffpipe:r_dffe[12]             ; 0.40 mW (0.40 mW)                    ; 0.21 mW (0.21 mW)               ; --                                ; 0.19 mW (0.19 mW)                 ; |pipemult|SQRT:inst3|altsqrt:ALTSQRT_component|dffpipe:r_dffe[12]                                     ;
;             |dffpipe:r_dffe[14]             ; 0.30 mW (0.30 mW)                    ; 0.23 mW (0.23 mW)               ; --                                ; 0.07 mW (0.07 mW)                 ; |pipemult|SQRT:inst3|altsqrt:ALTSQRT_component|dffpipe:r_dffe[14]                                     ;
;             |lpm_add_sub:subtractors[0]     ; 0.00 mW (0.00 mW)                    ; 0.00 mW (0.00 mW)               ; --                                ; 0.00 mW (0.00 mW)                 ; |pipemult|SQRT:inst3|altsqrt:ALTSQRT_component|lpm_add_sub:subtractors[0]                             ;
;                 |add_sub_u3c:auto_generated ; 0.00 mW (0.00 mW)                    ; 0.00 mW (0.00 mW)               ; --                                ; 0.00 mW (0.00 mW)                 ; |pipemult|SQRT:inst3|altsqrt:ALTSQRT_component|lpm_add_sub:subtractors[0]|add_sub_u3c:auto_generated  ;
;             |lpm_add_sub:subtractors[1]     ; 0.02 mW (0.00 mW)                    ; 0.01 mW (0.00 mW)               ; --                                ; 0.01 mW (0.00 mW)                 ; |pipemult|SQRT:inst3|altsqrt:ALTSQRT_component|lpm_add_sub:subtractors[1]                             ;
;                 |add_sub_04c:auto_generated ; 0.02 mW (0.02 mW)                    ; 0.01 mW (0.01 mW)               ; --                                ; 0.01 mW (0.01 mW)                 ; |pipemult|SQRT:inst3|altsqrt:ALTSQRT_component|lpm_add_sub:subtractors[1]|add_sub_04c:auto_generated  ;
;             |lpm_add_sub:subtractors[2]     ; 0.02 mW (0.00 mW)                    ; 0.02 mW (0.00 mW)               ; --                                ; 0.01 mW (0.00 mW)                 ; |pipemult|SQRT:inst3|altsqrt:ALTSQRT_component|lpm_add_sub:subtractors[2]                             ;
;                 |add_sub_14c:auto_generated ; 0.02 mW (0.02 mW)                    ; 0.02 mW (0.02 mW)               ; --                                ; 0.01 mW (0.01 mW)                 ; |pipemult|SQRT:inst3|altsqrt:ALTSQRT_component|lpm_add_sub:subtractors[2]|add_sub_14c:auto_generated  ;
;             |lpm_add_sub:subtractors[3]     ; 0.03 mW (0.00 mW)                    ; 0.02 mW (0.00 mW)               ; --                                ; 0.01 mW (0.00 mW)                 ; |pipemult|SQRT:inst3|altsqrt:ALTSQRT_component|lpm_add_sub:subtractors[3]                             ;
;                 |add_sub_24c:auto_generated ; 0.03 mW (0.03 mW)                    ; 0.02 mW (0.02 mW)               ; --                                ; 0.01 mW (0.01 mW)                 ; |pipemult|SQRT:inst3|altsqrt:ALTSQRT_component|lpm_add_sub:subtractors[3]|add_sub_24c:auto_generated  ;
;             |lpm_add_sub:subtractors[4]     ; 0.04 mW (0.00 mW)                    ; 0.03 mW (0.00 mW)               ; --                                ; 0.01 mW (0.00 mW)                 ; |pipemult|SQRT:inst3|altsqrt:ALTSQRT_component|lpm_add_sub:subtractors[4]                             ;
;                 |add_sub_34c:auto_generated ; 0.04 mW (0.04 mW)                    ; 0.03 mW (0.03 mW)               ; --                                ; 0.01 mW (0.01 mW)                 ; |pipemult|SQRT:inst3|altsqrt:ALTSQRT_component|lpm_add_sub:subtractors[4]|add_sub_34c:auto_generated  ;
;             |lpm_add_sub:subtractors[5]     ; 0.04 mW (0.00 mW)                    ; 0.03 mW (0.00 mW)               ; --                                ; 0.01 mW (0.00 mW)                 ; |pipemult|SQRT:inst3|altsqrt:ALTSQRT_component|lpm_add_sub:subtractors[5]                             ;
;                 |add_sub_44c:auto_generated ; 0.04 mW (0.04 mW)                    ; 0.03 mW (0.03 mW)               ; --                                ; 0.01 mW (0.01 mW)                 ; |pipemult|SQRT:inst3|altsqrt:ALTSQRT_component|lpm_add_sub:subtractors[5]|add_sub_44c:auto_generated  ;
;             |lpm_add_sub:subtractors[6]     ; 0.06 mW (0.00 mW)                    ; 0.04 mW (0.00 mW)               ; --                                ; 0.03 mW (0.00 mW)                 ; |pipemult|SQRT:inst3|altsqrt:ALTSQRT_component|lpm_add_sub:subtractors[6]                             ;
;                 |add_sub_54c:auto_generated ; 0.06 mW (0.06 mW)                    ; 0.04 mW (0.04 mW)               ; --                                ; 0.03 mW (0.03 mW)                 ; |pipemult|SQRT:inst3|altsqrt:ALTSQRT_component|lpm_add_sub:subtractors[6]|add_sub_54c:auto_generated  ;
;             |lpm_add_sub:subtractors[7]     ; 0.06 mW (0.00 mW)                    ; 0.04 mW (0.00 mW)               ; --                                ; 0.02 mW (0.00 mW)                 ; |pipemult|SQRT:inst3|altsqrt:ALTSQRT_component|lpm_add_sub:subtractors[7]                             ;
;                 |add_sub_d5c:auto_generated ; 0.06 mW (0.06 mW)                    ; 0.04 mW (0.04 mW)               ; --                                ; 0.02 mW (0.02 mW)                 ; |pipemult|SQRT:inst3|altsqrt:ALTSQRT_component|lpm_add_sub:subtractors[7]|add_sub_d5c:auto_generated  ;
;             |lpm_add_sub:subtractors[8]     ; 0.08 mW (0.00 mW)                    ; 0.04 mW (0.00 mW)               ; --                                ; 0.03 mW (0.00 mW)                 ; |pipemult|SQRT:inst3|altsqrt:ALTSQRT_component|lpm_add_sub:subtractors[8]                             ;
;                 |add_sub_e5c:auto_generated ; 0.08 mW (0.08 mW)                    ; 0.04 mW (0.04 mW)               ; --                                ; 0.03 mW (0.03 mW)                 ; |pipemult|SQRT:inst3|altsqrt:ALTSQRT_component|lpm_add_sub:subtractors[8]|add_sub_e5c:auto_generated  ;
;             |lpm_add_sub:subtractors[9]     ; 0.08 mW (0.00 mW)                    ; 0.05 mW (0.00 mW)               ; --                                ; 0.03 mW (0.00 mW)                 ; |pipemult|SQRT:inst3|altsqrt:ALTSQRT_component|lpm_add_sub:subtractors[9]                             ;
;                 |add_sub_f5c:auto_generated ; 0.08 mW (0.08 mW)                    ; 0.05 mW (0.05 mW)               ; --                                ; 0.03 mW (0.03 mW)                 ; |pipemult|SQRT:inst3|altsqrt:ALTSQRT_component|lpm_add_sub:subtractors[9]|add_sub_f5c:auto_generated  ;
;             |lpm_add_sub:subtractors[10]    ; 0.10 mW (0.00 mW)                    ; 0.06 mW (0.00 mW)               ; --                                ; 0.05 mW (0.00 mW)                 ; |pipemult|SQRT:inst3|altsqrt:ALTSQRT_component|lpm_add_sub:subtractors[10]                            ;
;                 |add_sub_g5c:auto_generated ; 0.10 mW (0.10 mW)                    ; 0.06 mW (0.06 mW)               ; --                                ; 0.05 mW (0.05 mW)                 ; |pipemult|SQRT:inst3|altsqrt:ALTSQRT_component|lpm_add_sub:subtractors[10]|add_sub_g5c:auto_generated ;
;             |lpm_add_sub:subtractors[11]    ; 0.09 mW (0.00 mW)                    ; 0.06 mW (0.00 mW)               ; --                                ; 0.03 mW (0.00 mW)                 ; |pipemult|SQRT:inst3|altsqrt:ALTSQRT_component|lpm_add_sub:subtractors[11]                            ;
;                 |add_sub_h5c:auto_generated ; 0.09 mW (0.09 mW)                    ; 0.06 mW (0.06 mW)               ; --                                ; 0.03 mW (0.03 mW)                 ; |pipemult|SQRT:inst3|altsqrt:ALTSQRT_component|lpm_add_sub:subtractors[11]|add_sub_h5c:auto_generated ;
;             |lpm_add_sub:subtractors[12]    ; 0.14 mW (0.00 mW)                    ; 0.07 mW (0.00 mW)               ; --                                ; 0.06 mW (0.00 mW)                 ; |pipemult|SQRT:inst3|altsqrt:ALTSQRT_component|lpm_add_sub:subtractors[12]                            ;
;                 |add_sub_i5c:auto_generated ; 0.14 mW (0.14 mW)                    ; 0.07 mW (0.07 mW)               ; --                                ; 0.06 mW (0.06 mW)                 ; |pipemult|SQRT:inst3|altsqrt:ALTSQRT_component|lpm_add_sub:subtractors[12]|add_sub_i5c:auto_generated ;
;             |lpm_add_sub:subtractors[13]    ; 0.18 mW (0.00 mW)                    ; 0.08 mW (0.00 mW)               ; --                                ; 0.10 mW (0.00 mW)                 ; |pipemult|SQRT:inst3|altsqrt:ALTSQRT_component|lpm_add_sub:subtractors[13]                            ;
;                 |add_sub_j5c:auto_generated ; 0.18 mW (0.18 mW)                    ; 0.08 mW (0.08 mW)               ; --                                ; 0.10 mW (0.10 mW)                 ; |pipemult|SQRT:inst3|altsqrt:ALTSQRT_component|lpm_add_sub:subtractors[13]|add_sub_j5c:auto_generated ;
;             |lpm_add_sub:subtractors[14]    ; 0.15 mW (0.00 mW)                    ; 0.08 mW (0.00 mW)               ; --                                ; 0.07 mW (0.00 mW)                 ; |pipemult|SQRT:inst3|altsqrt:ALTSQRT_component|lpm_add_sub:subtractors[14]                            ;
;                 |add_sub_k5c:auto_generated ; 0.15 mW (0.15 mW)                    ; 0.08 mW (0.08 mW)               ; --                                ; 0.07 mW (0.07 mW)                 ; |pipemult|SQRT:inst3|altsqrt:ALTSQRT_component|lpm_add_sub:subtractors[14]|add_sub_k5c:auto_generated ;
;             |lpm_add_sub:subtractors[15]    ; 0.05 mW (0.00 mW)                    ; 0.05 mW (0.00 mW)               ; --                                ; 0.00 mW (0.00 mW)                 ; |pipemult|SQRT:inst3|altsqrt:ALTSQRT_component|lpm_add_sub:subtractors[15]                            ;
;                 |add_sub_l5c:auto_generated ; 0.05 mW (0.05 mW)                    ; 0.05 mW (0.05 mW)               ; --                                ; 0.00 mW (0.00 mW)                 ; |pipemult|SQRT:inst3|altsqrt:ALTSQRT_component|lpm_add_sub:subtractors[15]|add_sub_l5c:auto_generated ;
;     |Add32:inst4                            ; 0.65 mW (0.00 mW)                    ; 0.22 mW (0.00 mW)               ; --                                ; 0.43 mW (0.00 mW)                 ; |pipemult|Add32:inst4                                                                                 ;
;         |Add8:inst                          ; 0.21 mW (0.00 mW)                    ; 0.06 mW (0.00 mW)               ; --                                ; 0.16 mW (0.00 mW)                 ; |pipemult|Add32:inst4|Add8:inst                                                                       ;
;             |Add1:inst                      ; 0.01 mW (0.01 mW)                    ; 0.01 mW (0.01 mW)               ; --                                ; 0.01 mW (0.01 mW)                 ; |pipemult|Add32:inst4|Add8:inst|Add1:inst                                                             ;
;             |Add1:inst1                     ; 0.01 mW (0.01 mW)                    ; 0.00 mW (0.00 mW)               ; --                                ; 0.01 mW (0.01 mW)                 ; |pipemult|Add32:inst4|Add8:inst|Add1:inst1                                                            ;
;             |Add1:inst2                     ; 0.02 mW (0.02 mW)                    ; 0.01 mW (0.01 mW)               ; --                                ; 0.01 mW (0.01 mW)                 ; |pipemult|Add32:inst4|Add8:inst|Add1:inst2                                                            ;
;             |Add1:inst3                     ; 0.06 mW (0.06 mW)                    ; 0.01 mW (0.01 mW)               ; --                                ; 0.05 mW (0.05 mW)                 ; |pipemult|Add32:inst4|Add8:inst|Add1:inst3                                                            ;
;             |Add1:inst4                     ; 0.03 mW (0.03 mW)                    ; 0.01 mW (0.01 mW)               ; --                                ; 0.02 mW (0.02 mW)                 ; |pipemult|Add32:inst4|Add8:inst|Add1:inst4                                                            ;
;             |Add1:inst5                     ; 0.02 mW (0.02 mW)                    ; 0.01 mW (0.01 mW)               ; --                                ; 0.02 mW (0.02 mW)                 ; |pipemult|Add32:inst4|Add8:inst|Add1:inst5                                                            ;
;             |Add1:inst6                     ; 0.03 mW (0.03 mW)                    ; 0.01 mW (0.01 mW)               ; --                                ; 0.02 mW (0.02 mW)                 ; |pipemult|Add32:inst4|Add8:inst|Add1:inst6                                                            ;
;             |Add1:inst7                     ; 0.02 mW (0.02 mW)                    ; 0.01 mW (0.01 mW)               ; --                                ; 0.02 mW (0.02 mW)                 ; |pipemult|Add32:inst4|Add8:inst|Add1:inst7                                                            ;
;         |Add8:inst2                         ; 0.23 mW (0.00 mW)                    ; 0.05 mW (0.00 mW)               ; --                                ; 0.18 mW (0.00 mW)                 ; |pipemult|Add32:inst4|Add8:inst2                                                                      ;
;             |Add1:inst                      ; 0.02 mW (0.02 mW)                    ; 0.01 mW (0.01 mW)               ; --                                ; 0.02 mW (0.02 mW)                 ; |pipemult|Add32:inst4|Add8:inst2|Add1:inst                                                            ;
;             |Add1:inst1                     ; 0.03 mW (0.03 mW)                    ; 0.01 mW (0.01 mW)               ; --                                ; 0.02 mW (0.02 mW)                 ; |pipemult|Add32:inst4|Add8:inst2|Add1:inst1                                                           ;
;             |Add1:inst2                     ; 0.04 mW (0.04 mW)                    ; 0.01 mW (0.01 mW)               ; --                                ; 0.03 mW (0.03 mW)                 ; |pipemult|Add32:inst4|Add8:inst2|Add1:inst2                                                           ;
;             |Add1:inst3                     ; 0.03 mW (0.03 mW)                    ; 0.01 mW (0.01 mW)               ; --                                ; 0.03 mW (0.03 mW)                 ; |pipemult|Add32:inst4|Add8:inst2|Add1:inst3                                                           ;
;             |Add1:inst4                     ; 0.02 mW (0.02 mW)                    ; 0.01 mW (0.01 mW)               ; --                                ; 0.01 mW (0.01 mW)                 ; |pipemult|Add32:inst4|Add8:inst2|Add1:inst4                                                           ;
;             |Add1:inst5                     ; 0.04 mW (0.04 mW)                    ; 0.01 mW (0.01 mW)               ; --                                ; 0.03 mW (0.03 mW)                 ; |pipemult|Add32:inst4|Add8:inst2|Add1:inst5                                                           ;
;             |Add1:inst6                     ; 0.02 mW (0.02 mW)                    ; 0.01 mW (0.01 mW)               ; --                                ; 0.01 mW (0.01 mW)                 ; |pipemult|Add32:inst4|Add8:inst2|Add1:inst6                                                           ;
;             |Add1:inst7                     ; 0.03 mW (0.03 mW)                    ; 0.01 mW (0.01 mW)               ; --                                ; 0.02 mW (0.02 mW)                 ; |pipemult|Add32:inst4|Add8:inst2|Add1:inst7                                                           ;
;         |Add8:inst3                         ; 0.11 mW (0.00 mW)                    ; 0.05 mW (0.00 mW)               ; --                                ; 0.06 mW (0.00 mW)                 ; |pipemult|Add32:inst4|Add8:inst3                                                                      ;
;             |Add1:inst                      ; 0.01 mW (0.01 mW)                    ; 0.01 mW (0.01 mW)               ; --                                ; 0.00 mW (0.00 mW)                 ; |pipemult|Add32:inst4|Add8:inst3|Add1:inst                                                            ;
;             |Add1:inst1                     ; 0.01 mW (0.01 mW)                    ; 0.01 mW (0.01 mW)               ; --                                ; 0.01 mW (0.01 mW)                 ; |pipemult|Add32:inst4|Add8:inst3|Add1:inst1                                                           ;
;             |Add1:inst2                     ; 0.01 mW (0.01 mW)                    ; 0.01 mW (0.01 mW)               ; --                                ; 0.00 mW (0.00 mW)                 ; |pipemult|Add32:inst4|Add8:inst3|Add1:inst2                                                           ;
;             |Add1:inst3                     ; 0.01 mW (0.01 mW)                    ; 0.01 mW (0.01 mW)               ; --                                ; 0.01 mW (0.01 mW)                 ; |pipemult|Add32:inst4|Add8:inst3|Add1:inst3                                                           ;
;             |Add1:inst4                     ; 0.01 mW (0.01 mW)                    ; 0.01 mW (0.01 mW)               ; --                                ; 0.01 mW (0.01 mW)                 ; |pipemult|Add32:inst4|Add8:inst3|Add1:inst4                                                           ;
;             |Add1:inst5                     ; 0.02 mW (0.02 mW)                    ; 0.01 mW (0.01 mW)               ; --                                ; 0.01 mW (0.01 mW)                 ; |pipemult|Add32:inst4|Add8:inst3|Add1:inst5                                                           ;
;             |Add1:inst6                     ; 0.01 mW (0.01 mW)                    ; 0.01 mW (0.01 mW)               ; --                                ; 0.01 mW (0.01 mW)                 ; |pipemult|Add32:inst4|Add8:inst3|Add1:inst6                                                           ;
;             |Add1:inst7                     ; 0.02 mW (0.02 mW)                    ; 0.01 mW (0.01 mW)               ; --                                ; 0.01 mW (0.01 mW)                 ; |pipemult|Add32:inst4|Add8:inst3|Add1:inst7                                                           ;
;         |Add8:inst4                         ; 0.09 mW (0.00 mW)                    ; 0.06 mW (0.00 mW)               ; --                                ; 0.04 mW (0.00 mW)                 ; |pipemult|Add32:inst4|Add8:inst4                                                                      ;
;             |Add1:inst                      ; 0.01 mW (0.01 mW)                    ; 0.01 mW (0.01 mW)               ; --                                ; 0.00 mW (0.00 mW)                 ; |pipemult|Add32:inst4|Add8:inst4|Add1:inst                                                            ;
;             |Add1:inst1                     ; 0.02 mW (0.02 mW)                    ; 0.01 mW (0.01 mW)               ; --                                ; 0.01 mW (0.01 mW)                 ; |pipemult|Add32:inst4|Add8:inst4|Add1:inst1                                                           ;
;             |Add1:inst2                     ; 0.01 mW (0.01 mW)                    ; 0.01 mW (0.01 mW)               ; --                                ; 0.00 mW (0.00 mW)                 ; |pipemult|Add32:inst4|Add8:inst4|Add1:inst2                                                           ;
;             |Add1:inst3                     ; 0.01 mW (0.01 mW)                    ; 0.01 mW (0.01 mW)               ; --                                ; 0.01 mW (0.01 mW)                 ; |pipemult|Add32:inst4|Add8:inst4|Add1:inst3                                                           ;
;             |Add1:inst4                     ; 0.01 mW (0.01 mW)                    ; 0.01 mW (0.01 mW)               ; --                                ; 0.00 mW (0.00 mW)                 ; |pipemult|Add32:inst4|Add8:inst4|Add1:inst4                                                           ;
;             |Add1:inst5                     ; 0.01 mW (0.01 mW)                    ; 0.01 mW (0.01 mW)               ; --                                ; 0.00 mW (0.00 mW)                 ; |pipemult|Add32:inst4|Add8:inst4|Add1:inst5                                                           ;
;             |Add1:inst6                     ; 0.00 mW (0.00 mW)                    ; 0.00 mW (0.00 mW)               ; --                                ; 0.00 mW (0.00 mW)                 ; |pipemult|Add32:inst4|Add8:inst4|Add1:inst6                                                           ;
;             |Add1:inst7                     ; 0.02 mW (0.02 mW)                    ; 0.01 mW (0.01 mW)               ; --                                ; 0.01 mW (0.01 mW)                 ; |pipemult|Add32:inst4|Add8:inst4|Add1:inst7                                                           ;
;     |Binary_Comparator:inst11               ; 0.29 mW (0.29 mW)                    ; 0.21 mW (0.21 mW)               ; --                                ; 0.08 mW (0.08 mW)                 ; |pipemult|Binary_Comparator:inst11                                                                    ;
;     |MUX4X:inst13                           ; 0.24 mW (0.24 mW)                    ; 0.14 mW (0.14 mW)               ; --                                ; 0.10 mW (0.10 mW)                 ; |pipemult|MUX4X:inst13                                                                                ;
+---------------------------------------------+--------------------------------------+---------------------------------+-----------------------------------+-----------------------------------+-------------------------------------------------------------------------------------------------------+
(1) Value in parentheses is the power consumed at that level of hierarchy. Value not in parentheses is the power consumed at that level of hierarchy plus the power consumed by all levels of hierarchy below it.

(2) The "Block Thermal Static Power" for all levels of hierarchy except the top-level hierarchy is part of the "Core Static Thermal Power Dissipation" value found on the PowerPlay Power Analyzer-->Summary report panel. The "Core Static Thermal Power Dissipation" also contains the thermal static power dissipated by the routing.


+--------------------------------------------------------------------+
; Core Dynamic Thermal Power Dissipation by Clock Domain             ;
+-----------------+-----------------------+--------------------------+
; Clock Domain    ; Clock Frequency (MHz) ; Total Core Dynamic Power ;
+-----------------+-----------------------+--------------------------+
; clk1            ; 125.00                ; 19.59                    ;
; No clock domain ; 0.00                  ; 0.21                     ;
+-----------------+-----------------------+--------------------------+


+------------------------------------------------------------------------------------------------------------------------------------+
; Current Drawn from Voltage Supplies Summary                                                                                        ;
+----------------+-------------------------+---------------------------+--------------------------+----------------------------------+
; Voltage Supply ; Total Current Drawn (1) ; Dynamic Current Drawn (1) ; Static Current Drawn (1) ; Minimum Power Supply Current (2) ;
+----------------+-------------------------+---------------------------+--------------------------+----------------------------------+
; VCC            ; 25.54 mA                ; 17.77 mA                  ; 7.77 mA                  ; 25.54 mA                         ;
; VCCIO          ; 23.35 mA                ; 18.40 mA                  ; 4.94 mA                  ; 23.35 mA                         ;
; VCCA           ; 21.00 mA                ; 0.00 mA                   ; 21.00 mA                 ; 21.00 mA                         ;
; VCCD_PLL       ; 7.88 mA                 ; 0.00 mA                   ; 7.88 mA                  ; 7.88 mA                          ;
; VCCINT         ; 0.15 mA                 ; 0.00 mA                   ; 0.15 mA                  ; 0.15 mA                          ;
; VCCA_ADC       ; 0.00 mA                 ; 0.00 mA                   ; 0.00 mA                  ; 0.00 mA                          ;
+----------------+-------------------------+---------------------------+--------------------------+----------------------------------+
(1) Currents reported in columns "Total Current Drawn", "Dynamic Current Drawn", and "Static Current Drawn" are sufficient for user operation of the device.  
(2) Currents reported in column "Minimum Power Supply Current" are sufficient for power-up, configuration, and user operation of the device.


+-----------------------------------------------------------------------------------------------+
; VCCIO Supply Current Drawn by I/O Bank                                                        ;
+----------+---------------+---------------------+-----------------------+----------------------+
; I/O Bank ; VCCIO Voltage ; Total Current Drawn ; Dynamic Current Drawn ; Static Current Drawn ;
+----------+---------------+---------------------+-----------------------+----------------------+
; 1A       ; 2.5V          ; 0.59 mA             ; 0.07 mA               ; 0.52 mA              ;
; 1B       ; 2.5V          ; 0.63 mA             ; 0.09 mA               ; 0.54 mA              ;
; 2        ; 2.5V          ; 0.63 mA             ; 0.12 mA               ; 0.50 mA              ;
; 3        ; 2.5V          ; 0.58 mA             ; 0.06 mA               ; 0.52 mA              ;
; 4        ; 2.5V          ; 1.92 mA             ; 1.36 mA               ; 0.56 mA              ;
; 5        ; 2.5V          ; 5.45 mA             ; 4.87 mA               ; 0.57 mA              ;
; 6        ; 2.5V          ; 7.59 mA             ; 6.97 mA               ; 0.61 mA              ;
; 7        ; 2.5V          ; 1.90 mA             ; 1.34 mA               ; 0.56 mA              ;
; 8        ; 2.5V          ; 4.07 mA             ; 3.51 mA               ; 0.56 mA              ;
+----------+---------------+---------------------+-----------------------+----------------------+


+-----------------------------------------------------------------------------------------------------------------------------------+
; VCCIO Supply Current Drawn by Voltage                                                                                             ;
+---------------+-------------------------+---------------------------+--------------------------+----------------------------------+
; VCCIO Voltage ; Total Current Drawn (1) ; Dynamic Current Drawn (1) ; Static Current Drawn (1) ; Minimum Power Supply Current (2) ;
+---------------+-------------------------+---------------------------+--------------------------+----------------------------------+
; 2.5V          ; 23.35 mA                ; 18.40 mA                  ; 4.94 mA                  ; 23.35 mA                         ;
+---------------+-------------------------+---------------------------+--------------------------+----------------------------------+
(1) Currents reported in columns "Total Current Drawn", "Dynamic Current Drawn", and "Static Current Drawn" are sufficient for user operation of the device.  
(2) Currents reported in column "Minimum Power Supply Current" are sufficient for power-up, configuration, and user operation of the device.


+----------------------------------------------------------------------------------------------------------------------------------------------------+
; Confidence Metric Details                                                                                                                          ;
+----------------------------------------------------------------------------------------+--------------+-------------+--------------+---------------+
; Data Source                                                                            ; Total        ; Pin         ; Registered   ; Combinational ;
+----------------------------------------------------------------------------------------+--------------+-------------+--------------+---------------+
; Simulation (from file)                                                                 ;              ;             ;              ;               ;
;     -- Number of signals with Toggle Rate from Simulation                              ; 0 (0.0%)     ; 0 (0.0%)    ; 0 (0.0%)     ; 0 (0.0%)      ;
;     -- Number of signals with Static Probability from Simulation                       ; 0 (0.0%)     ; 0 (0.0%)    ; 0 (0.0%)     ; 0 (0.0%)      ;
;                                                                                        ;              ;             ;              ;               ;
; Node, entity or clock assignment                                                       ;              ;             ;              ;               ;
;     -- Number of signals with Toggle Rate from Node, entity or clock assignment        ; 2 (0.1%)     ; 1 (0.6%)    ; 0 (0.0%)     ; 1 (0.1%)      ;
;     -- Number of signals with Static Probability from Node, entity or clock assignment ; 2 (0.1%)     ; 1 (0.6%)    ; 0 (0.0%)     ; 1 (0.1%)      ;
;                                                                                        ;              ;             ;              ;               ;
; Vectorless estimation                                                                  ;              ;             ;              ;               ;
;     -- Number of signals with Toggle Rate from Vectorless estimation                   ; 1323 (92.8%) ; 73 (41.7%)  ; 407 (100.0%) ; 843 (99.9%)   ;
;     -- Number of signals with Zero toggle rate, from Vectorless estimation             ; 5 (0.4%)     ; 1 (0.6%)    ; 0 (0.0%)     ; 4 (0.5%)      ;
;     -- Number of signals with Static Probability from Vectorless estimation            ; 1323 (92.8%) ; 73 (41.7%)  ; 407 (100.0%) ; 843 (99.9%)   ;
;                                                                                        ;              ;             ;              ;               ;
; Default assignment                                                                     ;              ;             ;              ;               ;
;     -- Number of signals with Toggle Rate from Default assignment                      ; 94 (6.6%)    ; 94 (53.7%)  ; 0 (0.0%)     ; 0 (0.0%)      ;
;     -- Number of signals with Static Probability from Default assignment               ; 101 (7.1%)   ; 101 (57.7%) ; 0 (0.0%)     ; 0 (0.0%)      ;
;                                                                                        ;              ;             ;              ;               ;
; Assumed 0                                                                              ;              ;             ;              ;               ;
;     -- Number of signals with Toggle Rate assumed 0                                    ; 7 (0.5%)     ; 7 (4.0%)    ; 0 (0.0%)     ; 0 (0.0%)      ;
+----------------------------------------------------------------------------------------+--------------+-------------+--------------+---------------+


+---------------------------------------------------------------------------------------------------------------------------------------------+
; Signal Activities                                                                                                                           ;
+--------+------+---------------------------------------------+-------------------------+--------------------+--------------------------------+
; Signal ; Type ; Toggle Rate (millions of transitions / sec) ; Toggle Rate Data Source ; Static Probability ; Static Probability Data Source ;
+--------+------+---------------------------------------------+-------------------------+--------------------+--------------------------------+
(1) The "Signal Activity" Table has been hidden. To show this table, please select the "Write signal activities to report file" option under "PowerPlay Power Analyzer Settings".


+-----------------------------------+
; PowerPlay Power Analyzer Messages ;
+-----------------------------------+
Info: *******************************************************************
Info: Running Quartus Prime PowerPlay Power Analyzer
    Info: Version 16.1.0 Build 196 10/24/2016 SJ Lite Edition
    Info: Processing started: Wed Jul 21 05:01:42 2021
Info: Command: quartus_pow --read_settings_files=off --write_settings_files=off pipemult -c pipemult2
Warning (18236): Number of processors has not been specified which may cause overloading on shared machines.  Set the global assignment NUM_PARALLEL_PROCESSORS in your QSF to an appropriate value for best performance.
Info (21077): Low junction temperature is 0 degrees C
Info (21077): High junction temperature is 85 degrees C
Info (332104): Reading SDC File: 'pipemult2.sdc'
Warning (332174): Ignored filter at pipemult2.sdc(131): B[0] could not be matched with a port File: D:/Applications/Quartus/ECEA5360/Downloads/FPGA-C1 Project Zip Files/pipemultQP16_1M4V3/pipemultQP16_1/Schematic/pipemult2.sdc Line: 131
Warning (332049): Ignored set_input_delay at pipemult2.sdc(131): Argument <targets> is an empty collection File: D:/Applications/Quartus/ECEA5360/Downloads/FPGA-C1 Project Zip Files/pipemultQP16_1M4V3/pipemultQP16_1/Schematic/pipemult2.sdc Line: 131
    Info (332050): set_input_delay -add_delay -max -clock [get_clocks {clk1}]  3.000 [get_ports {B[0]}] File: D:/Applications/Quartus/ECEA5360/Downloads/FPGA-C1 Project Zip Files/pipemultQP16_1M4V3/pipemultQP16_1/Schematic/pipemult2.sdc Line: 131
Warning (332049): Ignored set_input_delay at pipemult2.sdc(132): Argument <targets> is an empty collection File: D:/Applications/Quartus/ECEA5360/Downloads/FPGA-C1 Project Zip Files/pipemultQP16_1M4V3/pipemultQP16_1/Schematic/pipemult2.sdc Line: 132
    Info (332050): set_input_delay -add_delay -min -clock [get_clocks {clk1}]  2.000 [get_ports {B[0]}] File: D:/Applications/Quartus/ECEA5360/Downloads/FPGA-C1 Project Zip Files/pipemultQP16_1M4V3/pipemultQP16_1/Schematic/pipemult2.sdc Line: 132
Warning (332174): Ignored filter at pipemult2.sdc(133): B[1] could not be matched with a port File: D:/Applications/Quartus/ECEA5360/Downloads/FPGA-C1 Project Zip Files/pipemultQP16_1M4V3/pipemultQP16_1/Schematic/pipemult2.sdc Line: 133
Warning (332049): Ignored set_input_delay at pipemult2.sdc(133): Argument <targets> is an empty collection File: D:/Applications/Quartus/ECEA5360/Downloads/FPGA-C1 Project Zip Files/pipemultQP16_1M4V3/pipemultQP16_1/Schematic/pipemult2.sdc Line: 133
    Info (332050): set_input_delay -add_delay -max -clock [get_clocks {clk1}]  3.000 [get_ports {B[1]}] File: D:/Applications/Quartus/ECEA5360/Downloads/FPGA-C1 Project Zip Files/pipemultQP16_1M4V3/pipemultQP16_1/Schematic/pipemult2.sdc Line: 133
Warning (332049): Ignored set_input_delay at pipemult2.sdc(134): Argument <targets> is an empty collection File: D:/Applications/Quartus/ECEA5360/Downloads/FPGA-C1 Project Zip Files/pipemultQP16_1M4V3/pipemultQP16_1/Schematic/pipemult2.sdc Line: 134
    Info (332050): set_input_delay -add_delay -min -clock [get_clocks {clk1}]  2.000 [get_ports {B[1]}] File: D:/Applications/Quartus/ECEA5360/Downloads/FPGA-C1 Project Zip Files/pipemultQP16_1M4V3/pipemultQP16_1/Schematic/pipemult2.sdc Line: 134
Warning (332174): Ignored filter at pipemult2.sdc(135): B[2] could not be matched with a port File: D:/Applications/Quartus/ECEA5360/Downloads/FPGA-C1 Project Zip Files/pipemultQP16_1M4V3/pipemultQP16_1/Schematic/pipemult2.sdc Line: 135
Warning (332049): Ignored set_input_delay at pipemult2.sdc(135): Argument <targets> is an empty collection File: D:/Applications/Quartus/ECEA5360/Downloads/FPGA-C1 Project Zip Files/pipemultQP16_1M4V3/pipemultQP16_1/Schematic/pipemult2.sdc Line: 135
    Info (332050): set_input_delay -add_delay -max -clock [get_clocks {clk1}]  3.000 [get_ports {B[2]}] File: D:/Applications/Quartus/ECEA5360/Downloads/FPGA-C1 Project Zip Files/pipemultQP16_1M4V3/pipemultQP16_1/Schematic/pipemult2.sdc Line: 135
Warning (332049): Ignored set_input_delay at pipemult2.sdc(136): Argument <targets> is an empty collection File: D:/Applications/Quartus/ECEA5360/Downloads/FPGA-C1 Project Zip Files/pipemultQP16_1M4V3/pipemultQP16_1/Schematic/pipemult2.sdc Line: 136
    Info (332050): set_input_delay -add_delay -min -clock [get_clocks {clk1}]  2.000 [get_ports {B[2]}] File: D:/Applications/Quartus/ECEA5360/Downloads/FPGA-C1 Project Zip Files/pipemultQP16_1M4V3/pipemultQP16_1/Schematic/pipemult2.sdc Line: 136
Warning (332174): Ignored filter at pipemult2.sdc(137): B[3] could not be matched with a port File: D:/Applications/Quartus/ECEA5360/Downloads/FPGA-C1 Project Zip Files/pipemultQP16_1M4V3/pipemultQP16_1/Schematic/pipemult2.sdc Line: 137
Warning (332049): Ignored set_input_delay at pipemult2.sdc(137): Argument <targets> is an empty collection File: D:/Applications/Quartus/ECEA5360/Downloads/FPGA-C1 Project Zip Files/pipemultQP16_1M4V3/pipemultQP16_1/Schematic/pipemult2.sdc Line: 137
    Info (332050): set_input_delay -add_delay -max -clock [get_clocks {clk1}]  3.000 [get_ports {B[3]}] File: D:/Applications/Quartus/ECEA5360/Downloads/FPGA-C1 Project Zip Files/pipemultQP16_1M4V3/pipemultQP16_1/Schematic/pipemult2.sdc Line: 137
Warning (332049): Ignored set_input_delay at pipemult2.sdc(138): Argument <targets> is an empty collection File: D:/Applications/Quartus/ECEA5360/Downloads/FPGA-C1 Project Zip Files/pipemultQP16_1M4V3/pipemultQP16_1/Schematic/pipemult2.sdc Line: 138
    Info (332050): set_input_delay -add_delay -min -clock [get_clocks {clk1}]  2.000 [get_ports {B[3]}] File: D:/Applications/Quartus/ECEA5360/Downloads/FPGA-C1 Project Zip Files/pipemultQP16_1M4V3/pipemultQP16_1/Schematic/pipemult2.sdc Line: 138
Warning (332174): Ignored filter at pipemult2.sdc(139): B[4] could not be matched with a port File: D:/Applications/Quartus/ECEA5360/Downloads/FPGA-C1 Project Zip Files/pipemultQP16_1M4V3/pipemultQP16_1/Schematic/pipemult2.sdc Line: 139
Warning (332049): Ignored set_input_delay at pipemult2.sdc(139): Argument <targets> is an empty collection File: D:/Applications/Quartus/ECEA5360/Downloads/FPGA-C1 Project Zip Files/pipemultQP16_1M4V3/pipemultQP16_1/Schematic/pipemult2.sdc Line: 139
    Info (332050): set_input_delay -add_delay -max -clock [get_clocks {clk1}]  3.000 [get_ports {B[4]}] File: D:/Applications/Quartus/ECEA5360/Downloads/FPGA-C1 Project Zip Files/pipemultQP16_1M4V3/pipemultQP16_1/Schematic/pipemult2.sdc Line: 139
Warning (332049): Ignored set_input_delay at pipemult2.sdc(140): Argument <targets> is an empty collection File: D:/Applications/Quartus/ECEA5360/Downloads/FPGA-C1 Project Zip Files/pipemultQP16_1M4V3/pipemultQP16_1/Schematic/pipemult2.sdc Line: 140
    Info (332050): set_input_delay -add_delay -min -clock [get_clocks {clk1}]  2.000 [get_ports {B[4]}] File: D:/Applications/Quartus/ECEA5360/Downloads/FPGA-C1 Project Zip Files/pipemultQP16_1M4V3/pipemultQP16_1/Schematic/pipemult2.sdc Line: 140
Warning (332174): Ignored filter at pipemult2.sdc(141): B[5] could not be matched with a port File: D:/Applications/Quartus/ECEA5360/Downloads/FPGA-C1 Project Zip Files/pipemultQP16_1M4V3/pipemultQP16_1/Schematic/pipemult2.sdc Line: 141
Warning (332049): Ignored set_input_delay at pipemult2.sdc(141): Argument <targets> is an empty collection File: D:/Applications/Quartus/ECEA5360/Downloads/FPGA-C1 Project Zip Files/pipemultQP16_1M4V3/pipemultQP16_1/Schematic/pipemult2.sdc Line: 141
    Info (332050): set_input_delay -add_delay -max -clock [get_clocks {clk1}]  3.000 [get_ports {B[5]}] File: D:/Applications/Quartus/ECEA5360/Downloads/FPGA-C1 Project Zip Files/pipemultQP16_1M4V3/pipemultQP16_1/Schematic/pipemult2.sdc Line: 141
Warning (332049): Ignored set_input_delay at pipemult2.sdc(142): Argument <targets> is an empty collection File: D:/Applications/Quartus/ECEA5360/Downloads/FPGA-C1 Project Zip Files/pipemultQP16_1M4V3/pipemultQP16_1/Schematic/pipemult2.sdc Line: 142
    Info (332050): set_input_delay -add_delay -min -clock [get_clocks {clk1}]  2.000 [get_ports {B[5]}] File: D:/Applications/Quartus/ECEA5360/Downloads/FPGA-C1 Project Zip Files/pipemultQP16_1M4V3/pipemultQP16_1/Schematic/pipemult2.sdc Line: 142
Warning (332174): Ignored filter at pipemult2.sdc(143): B[6] could not be matched with a port File: D:/Applications/Quartus/ECEA5360/Downloads/FPGA-C1 Project Zip Files/pipemultQP16_1M4V3/pipemultQP16_1/Schematic/pipemult2.sdc Line: 143
Warning (332049): Ignored set_input_delay at pipemult2.sdc(143): Argument <targets> is an empty collection File: D:/Applications/Quartus/ECEA5360/Downloads/FPGA-C1 Project Zip Files/pipemultQP16_1M4V3/pipemultQP16_1/Schematic/pipemult2.sdc Line: 143
    Info (332050): set_input_delay -add_delay -max -clock [get_clocks {clk1}]  3.000 [get_ports {B[6]}] File: D:/Applications/Quartus/ECEA5360/Downloads/FPGA-C1 Project Zip Files/pipemultQP16_1M4V3/pipemultQP16_1/Schematic/pipemult2.sdc Line: 143
Warning (332049): Ignored set_input_delay at pipemult2.sdc(144): Argument <targets> is an empty collection File: D:/Applications/Quartus/ECEA5360/Downloads/FPGA-C1 Project Zip Files/pipemultQP16_1M4V3/pipemultQP16_1/Schematic/pipemult2.sdc Line: 144
    Info (332050): set_input_delay -add_delay -min -clock [get_clocks {clk1}]  2.000 [get_ports {B[6]}] File: D:/Applications/Quartus/ECEA5360/Downloads/FPGA-C1 Project Zip Files/pipemultQP16_1M4V3/pipemultQP16_1/Schematic/pipemult2.sdc Line: 144
Warning (332174): Ignored filter at pipemult2.sdc(145): B[7] could not be matched with a port File: D:/Applications/Quartus/ECEA5360/Downloads/FPGA-C1 Project Zip Files/pipemultQP16_1M4V3/pipemultQP16_1/Schematic/pipemult2.sdc Line: 145
Warning (332049): Ignored set_input_delay at pipemult2.sdc(145): Argument <targets> is an empty collection File: D:/Applications/Quartus/ECEA5360/Downloads/FPGA-C1 Project Zip Files/pipemultQP16_1M4V3/pipemultQP16_1/Schematic/pipemult2.sdc Line: 145
    Info (332050): set_input_delay -add_delay -max -clock [get_clocks {clk1}]  3.000 [get_ports {B[7]}] File: D:/Applications/Quartus/ECEA5360/Downloads/FPGA-C1 Project Zip Files/pipemultQP16_1M4V3/pipemultQP16_1/Schematic/pipemult2.sdc Line: 145
Warning (332049): Ignored set_input_delay at pipemult2.sdc(146): Argument <targets> is an empty collection File: D:/Applications/Quartus/ECEA5360/Downloads/FPGA-C1 Project Zip Files/pipemultQP16_1M4V3/pipemultQP16_1/Schematic/pipemult2.sdc Line: 146
    Info (332050): set_input_delay -add_delay -min -clock [get_clocks {clk1}]  2.000 [get_ports {B[7]}] File: D:/Applications/Quartus/ECEA5360/Downloads/FPGA-C1 Project Zip Files/pipemultQP16_1M4V3/pipemultQP16_1/Schematic/pipemult2.sdc Line: 146
Warning (332174): Ignored filter at pipemult2.sdc(147): B[8] could not be matched with a port File: D:/Applications/Quartus/ECEA5360/Downloads/FPGA-C1 Project Zip Files/pipemultQP16_1M4V3/pipemultQP16_1/Schematic/pipemult2.sdc Line: 147
Warning (332049): Ignored set_input_delay at pipemult2.sdc(147): Argument <targets> is an empty collection File: D:/Applications/Quartus/ECEA5360/Downloads/FPGA-C1 Project Zip Files/pipemultQP16_1M4V3/pipemultQP16_1/Schematic/pipemult2.sdc Line: 147
    Info (332050): set_input_delay -add_delay -max -clock [get_clocks {clk1}]  3.000 [get_ports {B[8]}] File: D:/Applications/Quartus/ECEA5360/Downloads/FPGA-C1 Project Zip Files/pipemultQP16_1M4V3/pipemultQP16_1/Schematic/pipemult2.sdc Line: 147
Warning (332049): Ignored set_input_delay at pipemult2.sdc(148): Argument <targets> is an empty collection File: D:/Applications/Quartus/ECEA5360/Downloads/FPGA-C1 Project Zip Files/pipemultQP16_1M4V3/pipemultQP16_1/Schematic/pipemult2.sdc Line: 148
    Info (332050): set_input_delay -add_delay -min -clock [get_clocks {clk1}]  2.000 [get_ports {B[8]}] File: D:/Applications/Quartus/ECEA5360/Downloads/FPGA-C1 Project Zip Files/pipemultQP16_1M4V3/pipemultQP16_1/Schematic/pipemult2.sdc Line: 148
Warning (332174): Ignored filter at pipemult2.sdc(149): B[9] could not be matched with a port File: D:/Applications/Quartus/ECEA5360/Downloads/FPGA-C1 Project Zip Files/pipemultQP16_1M4V3/pipemultQP16_1/Schematic/pipemult2.sdc Line: 149
Warning (332049): Ignored set_input_delay at pipemult2.sdc(149): Argument <targets> is an empty collection File: D:/Applications/Quartus/ECEA5360/Downloads/FPGA-C1 Project Zip Files/pipemultQP16_1M4V3/pipemultQP16_1/Schematic/pipemult2.sdc Line: 149
    Info (332050): set_input_delay -add_delay -max -clock [get_clocks {clk1}]  3.000 [get_ports {B[9]}] File: D:/Applications/Quartus/ECEA5360/Downloads/FPGA-C1 Project Zip Files/pipemultQP16_1M4V3/pipemultQP16_1/Schematic/pipemult2.sdc Line: 149
Warning (332049): Ignored set_input_delay at pipemult2.sdc(150): Argument <targets> is an empty collection File: D:/Applications/Quartus/ECEA5360/Downloads/FPGA-C1 Project Zip Files/pipemultQP16_1M4V3/pipemultQP16_1/Schematic/pipemult2.sdc Line: 150
    Info (332050): set_input_delay -add_delay -min -clock [get_clocks {clk1}]  2.000 [get_ports {B[9]}] File: D:/Applications/Quartus/ECEA5360/Downloads/FPGA-C1 Project Zip Files/pipemultQP16_1M4V3/pipemultQP16_1/Schematic/pipemult2.sdc Line: 150
Warning (332174): Ignored filter at pipemult2.sdc(151): B[10] could not be matched with a port File: D:/Applications/Quartus/ECEA5360/Downloads/FPGA-C1 Project Zip Files/pipemultQP16_1M4V3/pipemultQP16_1/Schematic/pipemult2.sdc Line: 151
Warning (332049): Ignored set_input_delay at pipemult2.sdc(151): Argument <targets> is an empty collection File: D:/Applications/Quartus/ECEA5360/Downloads/FPGA-C1 Project Zip Files/pipemultQP16_1M4V3/pipemultQP16_1/Schematic/pipemult2.sdc Line: 151
    Info (332050): set_input_delay -add_delay -max -clock [get_clocks {clk1}]  3.000 [get_ports {B[10]}] File: D:/Applications/Quartus/ECEA5360/Downloads/FPGA-C1 Project Zip Files/pipemultQP16_1M4V3/pipemultQP16_1/Schematic/pipemult2.sdc Line: 151
Warning (332049): Ignored set_input_delay at pipemult2.sdc(152): Argument <targets> is an empty collection File: D:/Applications/Quartus/ECEA5360/Downloads/FPGA-C1 Project Zip Files/pipemultQP16_1M4V3/pipemultQP16_1/Schematic/pipemult2.sdc Line: 152
    Info (332050): set_input_delay -add_delay -min -clock [get_clocks {clk1}]  2.000 [get_ports {B[10]}] File: D:/Applications/Quartus/ECEA5360/Downloads/FPGA-C1 Project Zip Files/pipemultQP16_1M4V3/pipemultQP16_1/Schematic/pipemult2.sdc Line: 152
Warning (332174): Ignored filter at pipemult2.sdc(153): B[11] could not be matched with a port File: D:/Applications/Quartus/ECEA5360/Downloads/FPGA-C1 Project Zip Files/pipemultQP16_1M4V3/pipemultQP16_1/Schematic/pipemult2.sdc Line: 153
Warning (332049): Ignored set_input_delay at pipemult2.sdc(153): Argument <targets> is an empty collection File: D:/Applications/Quartus/ECEA5360/Downloads/FPGA-C1 Project Zip Files/pipemultQP16_1M4V3/pipemultQP16_1/Schematic/pipemult2.sdc Line: 153
    Info (332050): set_input_delay -add_delay -max -clock [get_clocks {clk1}]  3.000 [get_ports {B[11]}] File: D:/Applications/Quartus/ECEA5360/Downloads/FPGA-C1 Project Zip Files/pipemultQP16_1M4V3/pipemultQP16_1/Schematic/pipemult2.sdc Line: 153
Warning (332049): Ignored set_input_delay at pipemult2.sdc(154): Argument <targets> is an empty collection File: D:/Applications/Quartus/ECEA5360/Downloads/FPGA-C1 Project Zip Files/pipemultQP16_1M4V3/pipemultQP16_1/Schematic/pipemult2.sdc Line: 154
    Info (332050): set_input_delay -add_delay -min -clock [get_clocks {clk1}]  2.000 [get_ports {B[11]}] File: D:/Applications/Quartus/ECEA5360/Downloads/FPGA-C1 Project Zip Files/pipemultQP16_1M4V3/pipemultQP16_1/Schematic/pipemult2.sdc Line: 154
Warning (332174): Ignored filter at pipemult2.sdc(155): B[12] could not be matched with a port File: D:/Applications/Quartus/ECEA5360/Downloads/FPGA-C1 Project Zip Files/pipemultQP16_1M4V3/pipemultQP16_1/Schematic/pipemult2.sdc Line: 155
Warning (332049): Ignored set_input_delay at pipemult2.sdc(155): Argument <targets> is an empty collection File: D:/Applications/Quartus/ECEA5360/Downloads/FPGA-C1 Project Zip Files/pipemultQP16_1M4V3/pipemultQP16_1/Schematic/pipemult2.sdc Line: 155
    Info (332050): set_input_delay -add_delay -max -clock [get_clocks {clk1}]  3.000 [get_ports {B[12]}] File: D:/Applications/Quartus/ECEA5360/Downloads/FPGA-C1 Project Zip Files/pipemultQP16_1M4V3/pipemultQP16_1/Schematic/pipemult2.sdc Line: 155
Warning (332049): Ignored set_input_delay at pipemult2.sdc(156): Argument <targets> is an empty collection File: D:/Applications/Quartus/ECEA5360/Downloads/FPGA-C1 Project Zip Files/pipemultQP16_1M4V3/pipemultQP16_1/Schematic/pipemult2.sdc Line: 156
    Info (332050): set_input_delay -add_delay -min -clock [get_clocks {clk1}]  2.000 [get_ports {B[12]}] File: D:/Applications/Quartus/ECEA5360/Downloads/FPGA-C1 Project Zip Files/pipemultQP16_1M4V3/pipemultQP16_1/Schematic/pipemult2.sdc Line: 156
Warning (332174): Ignored filter at pipemult2.sdc(157): B[13] could not be matched with a port File: D:/Applications/Quartus/ECEA5360/Downloads/FPGA-C1 Project Zip Files/pipemultQP16_1M4V3/pipemultQP16_1/Schematic/pipemult2.sdc Line: 157
Warning (332049): Ignored set_input_delay at pipemult2.sdc(157): Argument <targets> is an empty collection File: D:/Applications/Quartus/ECEA5360/Downloads/FPGA-C1 Project Zip Files/pipemultQP16_1M4V3/pipemultQP16_1/Schematic/pipemult2.sdc Line: 157
    Info (332050): set_input_delay -add_delay -max -clock [get_clocks {clk1}]  3.000 [get_ports {B[13]}] File: D:/Applications/Quartus/ECEA5360/Downloads/FPGA-C1 Project Zip Files/pipemultQP16_1M4V3/pipemultQP16_1/Schematic/pipemult2.sdc Line: 157
Warning (332049): Ignored set_input_delay at pipemult2.sdc(158): Argument <targets> is an empty collection File: D:/Applications/Quartus/ECEA5360/Downloads/FPGA-C1 Project Zip Files/pipemultQP16_1M4V3/pipemultQP16_1/Schematic/pipemult2.sdc Line: 158
    Info (332050): set_input_delay -add_delay -min -clock [get_clocks {clk1}]  2.000 [get_ports {B[13]}] File: D:/Applications/Quartus/ECEA5360/Downloads/FPGA-C1 Project Zip Files/pipemultQP16_1M4V3/pipemultQP16_1/Schematic/pipemult2.sdc Line: 158
Warning (332174): Ignored filter at pipemult2.sdc(159): B[14] could not be matched with a port File: D:/Applications/Quartus/ECEA5360/Downloads/FPGA-C1 Project Zip Files/pipemultQP16_1M4V3/pipemultQP16_1/Schematic/pipemult2.sdc Line: 159
Warning (332049): Ignored set_input_delay at pipemult2.sdc(159): Argument <targets> is an empty collection File: D:/Applications/Quartus/ECEA5360/Downloads/FPGA-C1 Project Zip Files/pipemultQP16_1M4V3/pipemultQP16_1/Schematic/pipemult2.sdc Line: 159
    Info (332050): set_input_delay -add_delay -max -clock [get_clocks {clk1}]  3.000 [get_ports {B[14]}] File: D:/Applications/Quartus/ECEA5360/Downloads/FPGA-C1 Project Zip Files/pipemultQP16_1M4V3/pipemultQP16_1/Schematic/pipemult2.sdc Line: 159
Warning (332049): Ignored set_input_delay at pipemult2.sdc(160): Argument <targets> is an empty collection File: D:/Applications/Quartus/ECEA5360/Downloads/FPGA-C1 Project Zip Files/pipemultQP16_1M4V3/pipemultQP16_1/Schematic/pipemult2.sdc Line: 160
    Info (332050): set_input_delay -add_delay -min -clock [get_clocks {clk1}]  2.000 [get_ports {B[14]}] File: D:/Applications/Quartus/ECEA5360/Downloads/FPGA-C1 Project Zip Files/pipemultQP16_1M4V3/pipemultQP16_1/Schematic/pipemult2.sdc Line: 160
Warning (332174): Ignored filter at pipemult2.sdc(161): B[15] could not be matched with a port File: D:/Applications/Quartus/ECEA5360/Downloads/FPGA-C1 Project Zip Files/pipemultQP16_1M4V3/pipemultQP16_1/Schematic/pipemult2.sdc Line: 161
Warning (332049): Ignored set_input_delay at pipemult2.sdc(161): Argument <targets> is an empty collection File: D:/Applications/Quartus/ECEA5360/Downloads/FPGA-C1 Project Zip Files/pipemultQP16_1M4V3/pipemultQP16_1/Schematic/pipemult2.sdc Line: 161
    Info (332050): set_input_delay -add_delay -max -clock [get_clocks {clk1}]  3.000 [get_ports {B[15]}] File: D:/Applications/Quartus/ECEA5360/Downloads/FPGA-C1 Project Zip Files/pipemultQP16_1M4V3/pipemultQP16_1/Schematic/pipemult2.sdc Line: 161
Warning (332049): Ignored set_input_delay at pipemult2.sdc(162): Argument <targets> is an empty collection File: D:/Applications/Quartus/ECEA5360/Downloads/FPGA-C1 Project Zip Files/pipemultQP16_1M4V3/pipemultQP16_1/Schematic/pipemult2.sdc Line: 162
    Info (332050): set_input_delay -add_delay -min -clock [get_clocks {clk1}]  2.000 [get_ports {B[15]}] File: D:/Applications/Quartus/ECEA5360/Downloads/FPGA-C1 Project Zip Files/pipemultQP16_1M4V3/pipemultQP16_1/Schematic/pipemult2.sdc Line: 162
Warning (332174): Ignored filter at pipemult2.sdc(163): B[16] could not be matched with a port File: D:/Applications/Quartus/ECEA5360/Downloads/FPGA-C1 Project Zip Files/pipemultQP16_1M4V3/pipemultQP16_1/Schematic/pipemult2.sdc Line: 163
Warning (332049): Ignored set_input_delay at pipemult2.sdc(163): Argument <targets> is an empty collection File: D:/Applications/Quartus/ECEA5360/Downloads/FPGA-C1 Project Zip Files/pipemultQP16_1M4V3/pipemultQP16_1/Schematic/pipemult2.sdc Line: 163
    Info (332050): set_input_delay -add_delay -max -clock [get_clocks {clk1}]  3.000 [get_ports {B[16]}] File: D:/Applications/Quartus/ECEA5360/Downloads/FPGA-C1 Project Zip Files/pipemultQP16_1M4V3/pipemultQP16_1/Schematic/pipemult2.sdc Line: 163
Warning (332049): Ignored set_input_delay at pipemult2.sdc(164): Argument <targets> is an empty collection File: D:/Applications/Quartus/ECEA5360/Downloads/FPGA-C1 Project Zip Files/pipemultQP16_1M4V3/pipemultQP16_1/Schematic/pipemult2.sdc Line: 164
    Info (332050): set_input_delay -add_delay -min -clock [get_clocks {clk1}]  2.000 [get_ports {B[16]}] File: D:/Applications/Quartus/ECEA5360/Downloads/FPGA-C1 Project Zip Files/pipemultQP16_1M4V3/pipemultQP16_1/Schematic/pipemult2.sdc Line: 164
Warning (332174): Ignored filter at pipemult2.sdc(165): B[17] could not be matched with a port File: D:/Applications/Quartus/ECEA5360/Downloads/FPGA-C1 Project Zip Files/pipemultQP16_1M4V3/pipemultQP16_1/Schematic/pipemult2.sdc Line: 165
Warning (332049): Ignored set_input_delay at pipemult2.sdc(165): Argument <targets> is an empty collection File: D:/Applications/Quartus/ECEA5360/Downloads/FPGA-C1 Project Zip Files/pipemultQP16_1M4V3/pipemultQP16_1/Schematic/pipemult2.sdc Line: 165
    Info (332050): set_input_delay -add_delay -max -clock [get_clocks {clk1}]  3.000 [get_ports {B[17]}] File: D:/Applications/Quartus/ECEA5360/Downloads/FPGA-C1 Project Zip Files/pipemultQP16_1M4V3/pipemultQP16_1/Schematic/pipemult2.sdc Line: 165
Warning (332049): Ignored set_input_delay at pipemult2.sdc(166): Argument <targets> is an empty collection File: D:/Applications/Quartus/ECEA5360/Downloads/FPGA-C1 Project Zip Files/pipemultQP16_1M4V3/pipemultQP16_1/Schematic/pipemult2.sdc Line: 166
    Info (332050): set_input_delay -add_delay -min -clock [get_clocks {clk1}]  2.000 [get_ports {B[17]}] File: D:/Applications/Quartus/ECEA5360/Downloads/FPGA-C1 Project Zip Files/pipemultQP16_1M4V3/pipemultQP16_1/Schematic/pipemult2.sdc Line: 166
Warning (332174): Ignored filter at pipemult2.sdc(167): B[18] could not be matched with a port File: D:/Applications/Quartus/ECEA5360/Downloads/FPGA-C1 Project Zip Files/pipemultQP16_1M4V3/pipemultQP16_1/Schematic/pipemult2.sdc Line: 167
Warning (332049): Ignored set_input_delay at pipemult2.sdc(167): Argument <targets> is an empty collection File: D:/Applications/Quartus/ECEA5360/Downloads/FPGA-C1 Project Zip Files/pipemultQP16_1M4V3/pipemultQP16_1/Schematic/pipemult2.sdc Line: 167
    Info (332050): set_input_delay -add_delay -max -clock [get_clocks {clk1}]  3.000 [get_ports {B[18]}] File: D:/Applications/Quartus/ECEA5360/Downloads/FPGA-C1 Project Zip Files/pipemultQP16_1M4V3/pipemultQP16_1/Schematic/pipemult2.sdc Line: 167
Warning (332049): Ignored set_input_delay at pipemult2.sdc(168): Argument <targets> is an empty collection File: D:/Applications/Quartus/ECEA5360/Downloads/FPGA-C1 Project Zip Files/pipemultQP16_1M4V3/pipemultQP16_1/Schematic/pipemult2.sdc Line: 168
    Info (332050): set_input_delay -add_delay -min -clock [get_clocks {clk1}]  2.000 [get_ports {B[18]}] File: D:/Applications/Quartus/ECEA5360/Downloads/FPGA-C1 Project Zip Files/pipemultQP16_1M4V3/pipemultQP16_1/Schematic/pipemult2.sdc Line: 168
Warning (332174): Ignored filter at pipemult2.sdc(169): B[19] could not be matched with a port File: D:/Applications/Quartus/ECEA5360/Downloads/FPGA-C1 Project Zip Files/pipemultQP16_1M4V3/pipemultQP16_1/Schematic/pipemult2.sdc Line: 169
Warning (332049): Ignored set_input_delay at pipemult2.sdc(169): Argument <targets> is an empty collection File: D:/Applications/Quartus/ECEA5360/Downloads/FPGA-C1 Project Zip Files/pipemultQP16_1M4V3/pipemultQP16_1/Schematic/pipemult2.sdc Line: 169
    Info (332050): set_input_delay -add_delay -max -clock [get_clocks {clk1}]  3.000 [get_ports {B[19]}] File: D:/Applications/Quartus/ECEA5360/Downloads/FPGA-C1 Project Zip Files/pipemultQP16_1M4V3/pipemultQP16_1/Schematic/pipemult2.sdc Line: 169
Warning (332049): Ignored set_input_delay at pipemult2.sdc(170): Argument <targets> is an empty collection File: D:/Applications/Quartus/ECEA5360/Downloads/FPGA-C1 Project Zip Files/pipemultQP16_1M4V3/pipemultQP16_1/Schematic/pipemult2.sdc Line: 170
    Info (332050): set_input_delay -add_delay -min -clock [get_clocks {clk1}]  2.000 [get_ports {B[19]}] File: D:/Applications/Quartus/ECEA5360/Downloads/FPGA-C1 Project Zip Files/pipemultQP16_1M4V3/pipemultQP16_1/Schematic/pipemult2.sdc Line: 170
Warning (332174): Ignored filter at pipemult2.sdc(171): B[20] could not be matched with a port File: D:/Applications/Quartus/ECEA5360/Downloads/FPGA-C1 Project Zip Files/pipemultQP16_1M4V3/pipemultQP16_1/Schematic/pipemult2.sdc Line: 171
Warning (332049): Ignored set_input_delay at pipemult2.sdc(171): Argument <targets> is an empty collection File: D:/Applications/Quartus/ECEA5360/Downloads/FPGA-C1 Project Zip Files/pipemultQP16_1M4V3/pipemultQP16_1/Schematic/pipemult2.sdc Line: 171
    Info (332050): set_input_delay -add_delay -max -clock [get_clocks {clk1}]  3.000 [get_ports {B[20]}] File: D:/Applications/Quartus/ECEA5360/Downloads/FPGA-C1 Project Zip Files/pipemultQP16_1M4V3/pipemultQP16_1/Schematic/pipemult2.sdc Line: 171
Warning (332049): Ignored set_input_delay at pipemult2.sdc(172): Argument <targets> is an empty collection File: D:/Applications/Quartus/ECEA5360/Downloads/FPGA-C1 Project Zip Files/pipemultQP16_1M4V3/pipemultQP16_1/Schematic/pipemult2.sdc Line: 172
    Info (332050): set_input_delay -add_delay -min -clock [get_clocks {clk1}]  2.000 [get_ports {B[20]}] File: D:/Applications/Quartus/ECEA5360/Downloads/FPGA-C1 Project Zip Files/pipemultQP16_1M4V3/pipemultQP16_1/Schematic/pipemult2.sdc Line: 172
Warning (332174): Ignored filter at pipemult2.sdc(173): B[21] could not be matched with a port File: D:/Applications/Quartus/ECEA5360/Downloads/FPGA-C1 Project Zip Files/pipemultQP16_1M4V3/pipemultQP16_1/Schematic/pipemult2.sdc Line: 173
Warning (332049): Ignored set_input_delay at pipemult2.sdc(173): Argument <targets> is an empty collection File: D:/Applications/Quartus/ECEA5360/Downloads/FPGA-C1 Project Zip Files/pipemultQP16_1M4V3/pipemultQP16_1/Schematic/pipemult2.sdc Line: 173
    Info (332050): set_input_delay -add_delay -max -clock [get_clocks {clk1}]  3.000 [get_ports {B[21]}] File: D:/Applications/Quartus/ECEA5360/Downloads/FPGA-C1 Project Zip Files/pipemultQP16_1M4V3/pipemultQP16_1/Schematic/pipemult2.sdc Line: 173
Warning (332049): Ignored set_input_delay at pipemult2.sdc(174): Argument <targets> is an empty collection File: D:/Applications/Quartus/ECEA5360/Downloads/FPGA-C1 Project Zip Files/pipemultQP16_1M4V3/pipemultQP16_1/Schematic/pipemult2.sdc Line: 174
    Info (332050): set_input_delay -add_delay -min -clock [get_clocks {clk1}]  2.000 [get_ports {B[21]}] File: D:/Applications/Quartus/ECEA5360/Downloads/FPGA-C1 Project Zip Files/pipemultQP16_1M4V3/pipemultQP16_1/Schematic/pipemult2.sdc Line: 174
Warning (332174): Ignored filter at pipemult2.sdc(175): B[22] could not be matched with a port File: D:/Applications/Quartus/ECEA5360/Downloads/FPGA-C1 Project Zip Files/pipemultQP16_1M4V3/pipemultQP16_1/Schematic/pipemult2.sdc Line: 175
Warning (332049): Ignored set_input_delay at pipemult2.sdc(175): Argument <targets> is an empty collection File: D:/Applications/Quartus/ECEA5360/Downloads/FPGA-C1 Project Zip Files/pipemultQP16_1M4V3/pipemultQP16_1/Schematic/pipemult2.sdc Line: 175
    Info (332050): set_input_delay -add_delay -max -clock [get_clocks {clk1}]  3.000 [get_ports {B[22]}] File: D:/Applications/Quartus/ECEA5360/Downloads/FPGA-C1 Project Zip Files/pipemultQP16_1M4V3/pipemultQP16_1/Schematic/pipemult2.sdc Line: 175
Warning (332049): Ignored set_input_delay at pipemult2.sdc(176): Argument <targets> is an empty collection File: D:/Applications/Quartus/ECEA5360/Downloads/FPGA-C1 Project Zip Files/pipemultQP16_1M4V3/pipemultQP16_1/Schematic/pipemult2.sdc Line: 176
    Info (332050): set_input_delay -add_delay -min -clock [get_clocks {clk1}]  2.000 [get_ports {B[22]}] File: D:/Applications/Quartus/ECEA5360/Downloads/FPGA-C1 Project Zip Files/pipemultQP16_1M4V3/pipemultQP16_1/Schematic/pipemult2.sdc Line: 176
Warning (332174): Ignored filter at pipemult2.sdc(177): B[23] could not be matched with a port File: D:/Applications/Quartus/ECEA5360/Downloads/FPGA-C1 Project Zip Files/pipemultQP16_1M4V3/pipemultQP16_1/Schematic/pipemult2.sdc Line: 177
Warning (332049): Ignored set_input_delay at pipemult2.sdc(177): Argument <targets> is an empty collection File: D:/Applications/Quartus/ECEA5360/Downloads/FPGA-C1 Project Zip Files/pipemultQP16_1M4V3/pipemultQP16_1/Schematic/pipemult2.sdc Line: 177
    Info (332050): set_input_delay -add_delay -max -clock [get_clocks {clk1}]  3.000 [get_ports {B[23]}] File: D:/Applications/Quartus/ECEA5360/Downloads/FPGA-C1 Project Zip Files/pipemultQP16_1M4V3/pipemultQP16_1/Schematic/pipemult2.sdc Line: 177
Warning (332049): Ignored set_input_delay at pipemult2.sdc(178): Argument <targets> is an empty collection File: D:/Applications/Quartus/ECEA5360/Downloads/FPGA-C1 Project Zip Files/pipemultQP16_1M4V3/pipemultQP16_1/Schematic/pipemult2.sdc Line: 178
    Info (332050): set_input_delay -add_delay -min -clock [get_clocks {clk1}]  2.000 [get_ports {B[23]}] File: D:/Applications/Quartus/ECEA5360/Downloads/FPGA-C1 Project Zip Files/pipemultQP16_1M4V3/pipemultQP16_1/Schematic/pipemult2.sdc Line: 178
Warning (332174): Ignored filter at pipemult2.sdc(179): B[24] could not be matched with a port File: D:/Applications/Quartus/ECEA5360/Downloads/FPGA-C1 Project Zip Files/pipemultQP16_1M4V3/pipemultQP16_1/Schematic/pipemult2.sdc Line: 179
Warning (332049): Ignored set_input_delay at pipemult2.sdc(179): Argument <targets> is an empty collection File: D:/Applications/Quartus/ECEA5360/Downloads/FPGA-C1 Project Zip Files/pipemultQP16_1M4V3/pipemultQP16_1/Schematic/pipemult2.sdc Line: 179
    Info (332050): set_input_delay -add_delay -max -clock [get_clocks {clk1}]  3.000 [get_ports {B[24]}] File: D:/Applications/Quartus/ECEA5360/Downloads/FPGA-C1 Project Zip Files/pipemultQP16_1M4V3/pipemultQP16_1/Schematic/pipemult2.sdc Line: 179
Warning (332049): Ignored set_input_delay at pipemult2.sdc(180): Argument <targets> is an empty collection File: D:/Applications/Quartus/ECEA5360/Downloads/FPGA-C1 Project Zip Files/pipemultQP16_1M4V3/pipemultQP16_1/Schematic/pipemult2.sdc Line: 180
    Info (332050): set_input_delay -add_delay -min -clock [get_clocks {clk1}]  2.000 [get_ports {B[24]}] File: D:/Applications/Quartus/ECEA5360/Downloads/FPGA-C1 Project Zip Files/pipemultQP16_1M4V3/pipemultQP16_1/Schematic/pipemult2.sdc Line: 180
Warning (332174): Ignored filter at pipemult2.sdc(181): B[25] could not be matched with a port File: D:/Applications/Quartus/ECEA5360/Downloads/FPGA-C1 Project Zip Files/pipemultQP16_1M4V3/pipemultQP16_1/Schematic/pipemult2.sdc Line: 181
Warning (332049): Ignored set_input_delay at pipemult2.sdc(181): Argument <targets> is an empty collection File: D:/Applications/Quartus/ECEA5360/Downloads/FPGA-C1 Project Zip Files/pipemultQP16_1M4V3/pipemultQP16_1/Schematic/pipemult2.sdc Line: 181
    Info (332050): set_input_delay -add_delay -max -clock [get_clocks {clk1}]  3.000 [get_ports {B[25]}] File: D:/Applications/Quartus/ECEA5360/Downloads/FPGA-C1 Project Zip Files/pipemultQP16_1M4V3/pipemultQP16_1/Schematic/pipemult2.sdc Line: 181
Warning (332049): Ignored set_input_delay at pipemult2.sdc(182): Argument <targets> is an empty collection File: D:/Applications/Quartus/ECEA5360/Downloads/FPGA-C1 Project Zip Files/pipemultQP16_1M4V3/pipemultQP16_1/Schematic/pipemult2.sdc Line: 182
    Info (332050): set_input_delay -add_delay -min -clock [get_clocks {clk1}]  2.000 [get_ports {B[25]}] File: D:/Applications/Quartus/ECEA5360/Downloads/FPGA-C1 Project Zip Files/pipemultQP16_1M4V3/pipemultQP16_1/Schematic/pipemult2.sdc Line: 182
Warning (332174): Ignored filter at pipemult2.sdc(183): B[26] could not be matched with a port File: D:/Applications/Quartus/ECEA5360/Downloads/FPGA-C1 Project Zip Files/pipemultQP16_1M4V3/pipemultQP16_1/Schematic/pipemult2.sdc Line: 183
Warning (332049): Ignored set_input_delay at pipemult2.sdc(183): Argument <targets> is an empty collection File: D:/Applications/Quartus/ECEA5360/Downloads/FPGA-C1 Project Zip Files/pipemultQP16_1M4V3/pipemultQP16_1/Schematic/pipemult2.sdc Line: 183
    Info (332050): set_input_delay -add_delay -max -clock [get_clocks {clk1}]  3.000 [get_ports {B[26]}] File: D:/Applications/Quartus/ECEA5360/Downloads/FPGA-C1 Project Zip Files/pipemultQP16_1M4V3/pipemultQP16_1/Schematic/pipemult2.sdc Line: 183
Warning (332049): Ignored set_input_delay at pipemult2.sdc(184): Argument <targets> is an empty collection File: D:/Applications/Quartus/ECEA5360/Downloads/FPGA-C1 Project Zip Files/pipemultQP16_1M4V3/pipemultQP16_1/Schematic/pipemult2.sdc Line: 184
    Info (332050): set_input_delay -add_delay -min -clock [get_clocks {clk1}]  2.000 [get_ports {B[26]}] File: D:/Applications/Quartus/ECEA5360/Downloads/FPGA-C1 Project Zip Files/pipemultQP16_1M4V3/pipemultQP16_1/Schematic/pipemult2.sdc Line: 184
Warning (332174): Ignored filter at pipemult2.sdc(185): B[27] could not be matched with a port File: D:/Applications/Quartus/ECEA5360/Downloads/FPGA-C1 Project Zip Files/pipemultQP16_1M4V3/pipemultQP16_1/Schematic/pipemult2.sdc Line: 185
Warning (332049): Ignored set_input_delay at pipemult2.sdc(185): Argument <targets> is an empty collection File: D:/Applications/Quartus/ECEA5360/Downloads/FPGA-C1 Project Zip Files/pipemultQP16_1M4V3/pipemultQP16_1/Schematic/pipemult2.sdc Line: 185
    Info (332050): set_input_delay -add_delay -max -clock [get_clocks {clk1}]  3.000 [get_ports {B[27]}] File: D:/Applications/Quartus/ECEA5360/Downloads/FPGA-C1 Project Zip Files/pipemultQP16_1M4V3/pipemultQP16_1/Schematic/pipemult2.sdc Line: 185
Warning (332049): Ignored set_input_delay at pipemult2.sdc(186): Argument <targets> is an empty collection File: D:/Applications/Quartus/ECEA5360/Downloads/FPGA-C1 Project Zip Files/pipemultQP16_1M4V3/pipemultQP16_1/Schematic/pipemult2.sdc Line: 186
    Info (332050): set_input_delay -add_delay -min -clock [get_clocks {clk1}]  2.000 [get_ports {B[27]}] File: D:/Applications/Quartus/ECEA5360/Downloads/FPGA-C1 Project Zip Files/pipemultQP16_1M4V3/pipemultQP16_1/Schematic/pipemult2.sdc Line: 186
Warning (332174): Ignored filter at pipemult2.sdc(187): B[28] could not be matched with a port File: D:/Applications/Quartus/ECEA5360/Downloads/FPGA-C1 Project Zip Files/pipemultQP16_1M4V3/pipemultQP16_1/Schematic/pipemult2.sdc Line: 187
Warning (332049): Ignored set_input_delay at pipemult2.sdc(187): Argument <targets> is an empty collection File: D:/Applications/Quartus/ECEA5360/Downloads/FPGA-C1 Project Zip Files/pipemultQP16_1M4V3/pipemultQP16_1/Schematic/pipemult2.sdc Line: 187
    Info (332050): set_input_delay -add_delay -max -clock [get_clocks {clk1}]  3.000 [get_ports {B[28]}] File: D:/Applications/Quartus/ECEA5360/Downloads/FPGA-C1 Project Zip Files/pipemultQP16_1M4V3/pipemultQP16_1/Schematic/pipemult2.sdc Line: 187
Warning (332049): Ignored set_input_delay at pipemult2.sdc(188): Argument <targets> is an empty collection File: D:/Applications/Quartus/ECEA5360/Downloads/FPGA-C1 Project Zip Files/pipemultQP16_1M4V3/pipemultQP16_1/Schematic/pipemult2.sdc Line: 188
    Info (332050): set_input_delay -add_delay -min -clock [get_clocks {clk1}]  2.000 [get_ports {B[28]}] File: D:/Applications/Quartus/ECEA5360/Downloads/FPGA-C1 Project Zip Files/pipemultQP16_1M4V3/pipemultQP16_1/Schematic/pipemult2.sdc Line: 188
Warning (332174): Ignored filter at pipemult2.sdc(189): B[29] could not be matched with a port File: D:/Applications/Quartus/ECEA5360/Downloads/FPGA-C1 Project Zip Files/pipemultQP16_1M4V3/pipemultQP16_1/Schematic/pipemult2.sdc Line: 189
Warning (332049): Ignored set_input_delay at pipemult2.sdc(189): Argument <targets> is an empty collection File: D:/Applications/Quartus/ECEA5360/Downloads/FPGA-C1 Project Zip Files/pipemultQP16_1M4V3/pipemultQP16_1/Schematic/pipemult2.sdc Line: 189
    Info (332050): set_input_delay -add_delay -max -clock [get_clocks {clk1}]  3.000 [get_ports {B[29]}] File: D:/Applications/Quartus/ECEA5360/Downloads/FPGA-C1 Project Zip Files/pipemultQP16_1M4V3/pipemultQP16_1/Schematic/pipemult2.sdc Line: 189
Warning (332049): Ignored set_input_delay at pipemult2.sdc(190): Argument <targets> is an empty collection File: D:/Applications/Quartus/ECEA5360/Downloads/FPGA-C1 Project Zip Files/pipemultQP16_1M4V3/pipemultQP16_1/Schematic/pipemult2.sdc Line: 190
    Info (332050): set_input_delay -add_delay -min -clock [get_clocks {clk1}]  2.000 [get_ports {B[29]}] File: D:/Applications/Quartus/ECEA5360/Downloads/FPGA-C1 Project Zip Files/pipemultQP16_1M4V3/pipemultQP16_1/Schematic/pipemult2.sdc Line: 190
Warning (332174): Ignored filter at pipemult2.sdc(191): B[30] could not be matched with a port File: D:/Applications/Quartus/ECEA5360/Downloads/FPGA-C1 Project Zip Files/pipemultQP16_1M4V3/pipemultQP16_1/Schematic/pipemult2.sdc Line: 191
Warning (332049): Ignored set_input_delay at pipemult2.sdc(191): Argument <targets> is an empty collection File: D:/Applications/Quartus/ECEA5360/Downloads/FPGA-C1 Project Zip Files/pipemultQP16_1M4V3/pipemultQP16_1/Schematic/pipemult2.sdc Line: 191
    Info (332050): set_input_delay -add_delay -max -clock [get_clocks {clk1}]  3.000 [get_ports {B[30]}] File: D:/Applications/Quartus/ECEA5360/Downloads/FPGA-C1 Project Zip Files/pipemultQP16_1M4V3/pipemultQP16_1/Schematic/pipemult2.sdc Line: 191
Warning (332049): Ignored set_input_delay at pipemult2.sdc(192): Argument <targets> is an empty collection File: D:/Applications/Quartus/ECEA5360/Downloads/FPGA-C1 Project Zip Files/pipemultQP16_1M4V3/pipemultQP16_1/Schematic/pipemult2.sdc Line: 192
    Info (332050): set_input_delay -add_delay -min -clock [get_clocks {clk1}]  2.000 [get_ports {B[30]}] File: D:/Applications/Quartus/ECEA5360/Downloads/FPGA-C1 Project Zip Files/pipemultQP16_1M4V3/pipemultQP16_1/Schematic/pipemult2.sdc Line: 192
Warning (332174): Ignored filter at pipemult2.sdc(193): B[31] could not be matched with a port File: D:/Applications/Quartus/ECEA5360/Downloads/FPGA-C1 Project Zip Files/pipemultQP16_1M4V3/pipemultQP16_1/Schematic/pipemult2.sdc Line: 193
Warning (332049): Ignored set_input_delay at pipemult2.sdc(193): Argument <targets> is an empty collection File: D:/Applications/Quartus/ECEA5360/Downloads/FPGA-C1 Project Zip Files/pipemultQP16_1M4V3/pipemultQP16_1/Schematic/pipemult2.sdc Line: 193
    Info (332050): set_input_delay -add_delay -max -clock [get_clocks {clk1}]  3.000 [get_ports {B[31]}] File: D:/Applications/Quartus/ECEA5360/Downloads/FPGA-C1 Project Zip Files/pipemultQP16_1M4V3/pipemultQP16_1/Schematic/pipemult2.sdc Line: 193
Warning (332049): Ignored set_input_delay at pipemult2.sdc(194): Argument <targets> is an empty collection File: D:/Applications/Quartus/ECEA5360/Downloads/FPGA-C1 Project Zip Files/pipemultQP16_1M4V3/pipemultQP16_1/Schematic/pipemult2.sdc Line: 194
    Info (332050): set_input_delay -add_delay -min -clock [get_clocks {clk1}]  2.000 [get_ports {B[31]}] File: D:/Applications/Quartus/ECEA5360/Downloads/FPGA-C1 Project Zip Files/pipemultQP16_1M4V3/pipemultQP16_1/Schematic/pipemult2.sdc Line: 194
Critical Warning (332168): The following clock transfers have no clock uncertainty assignment. For more accurate results, apply clock uncertainty assignments or use the derive_clock_uncertainty command.
    Critical Warning (332169): From clk1 (Rise) to clk1 (Rise) (setup and hold)
Info (223000): Starting Vectorless Power Activity Estimation
Warning (222013): Relative toggle rates could not be calculated because no clock domain could be identified for some nodes
Info (223001): Completed Vectorless Power Activity Estimation
Info (218000): Using Advanced I/O Power to simulate I/O buffers with the specified board trace model
Info (334003): Started post-fitting delay annotation
Warning (334000): Timing characteristics of device 10M08DAF484C8GES are preliminary
Info (334004): Delay annotation completed successfully
Info (215049): Average toggle rate for this design is 21.226 millions of transitions / sec
Info (215031): Total thermal power estimate for the design is 143.21 mW
Info: Quartus Prime PowerPlay Power Analyzer was successful. 0 errors, 101 warnings
    Info: Peak virtual memory: 4849 megabytes
    Info: Processing ended: Wed Jul 21 05:01:45 2021
    Info: Elapsed time: 00:00:03
    Info: Total CPU time (on all processors): 00:00:03


